#
# A fatal error has been detected by the Java Runtime Environment:
#
#  SIGSEGV (0xb) at pc=0x0000000101a8a8c5, pid=1690, tid=259
#
# JRE version: Java(TM) SE Runtime Environment (17.0.1+12) (build 17.0.1+12-LTS-39)
# Java VM: Java HotSpot(TM) 64-Bit Server VM (17.0.1+12-LTS-39, mixed mode, sharing, tiered, compressed oops, compressed class ptrs, g1 gc, bsd-amd64)
# Problematic frame:
# V  [libjvm.dylib+0x55b8c5]  jni_NewLocalRef+0x35
#
# No core dump will be written. Core dumps have been disabled. To enable core dumping, try "ulimit -c unlimited" before starting Java again
#
# If you would like to submit a bug report, please visit:
#   https://bugreport.java.com/bugreport/crash.jsp
#

---------------  S U M M A R Y ------------

Command Line: --add-modules=javafx.controls,javafx.fxml --module-path=/Users/duaaali/.gradle/caches/modules-2/files-2.1/org.openjfx/javafx-fxml/17.0.1/4ec9abf3948b347b5ce0e09813add3f25a6dbc0b/javafx-fxml-17.0.1-mac.jar:/Users/duaaali/.gradle/caches/modules-2/files-2.1/org.openjfx/javafx-controls/17.0.1/9c4e3c7ee4fe3f2d71cb94811910695f43040dc5/javafx-controls-17.0.1-mac.jar:/Users/duaaali/.gradle/caches/modules-2/files-2.1/org.openjfx/javafx-graphics/17.0.1/60505369f7528056d4d8c5ea080df5447bdb0264/javafx-graphics-17.0.1-mac.jar:/Users/duaaali/.gradle/caches/modules-2/files-2.1/org.openjfx/javafx-base/17.0.1/75cfa6f780ea3b3fd4ae336161e9e136ebb91ef2/javafx-base-17.0.1-mac.jar -Dfile.encoding=UTF-8 -Duser.country=CA -Duser.language=en -Duser.variant -ea GUI.MainApp

Host: "MacBookPro15,4" x86_64 1400 MHz, 8 cores, 8G, Darwin 21.2.0, macOS 12.1 (21C52)
Time: Thu Feb  3 17:32:30 2022 EST elapsed time: 173.625097 seconds (0d 0h 2m 53s)

---------------  T H R E A D  ---------------

Current thread is native thread

Stack: [0x00007ff7bf31d000,0x00007ff7bfb1d000],  sp=0x00007ff7bfb17c60,  free space=8171k
Native frames: (J=compiled Java code, j=interpreted, Vv=VM code, C=native code)
V  [libjvm.dylib+0x55b8c5]  jni_NewLocalRef+0x35
C  [libawt_lwawt.dylib+0x2c4f0]  -[CGLLayer drawInCGLContext:pixelFormat:forLayerTime:displayTime:]+0x2b0
C  [QuartzCore+0xc11d5]  _ZL17CAOpenGLLayerDrawP13CAOpenGLLayerdPK11CVTimeStampj+0x7e5
C  [QuartzCore+0xc0810]  -[CAOpenGLLayer _display]+0x249
C  [QuartzCore+0x20631]  _ZN2CA5Layer17display_if_neededEPNS_11TransactionE+0x363
C  [QuartzCore+0x170723]  _ZN2CA7Context18commit_transactionEPNS_11TransactionEdPd+0x2cd
C  [QuartzCore+0x2292]  _ZN2CA11Transaction6commitEv+0x2c0
C  [QuartzCore+0x1a582a]  _ZN2CA11Transaction25flush_as_runloop_observerEb+0x80
C  [CoreFoundation+0x7fcb7]  __CFRUNLOOP_IS_CALLING_OUT_TO_AN_OBSERVER_CALLBACK_FUNCTION__+0x17
C  [CoreFoundation+0x7fb54]  __CFRunLoopDoObservers+0x21f
C  [CoreFoundation+0x7f122]  __CFRunLoopRun+0x484
C  [CoreFoundation+0x7e5dd]  CFRunLoopRunSpecific+0x233
C  [libjli.dylib+0x70b2]  CreateExecutionEnvironment+0x182
C  [libjli.dylib+0x2c15]  JLI_Launch+0x585
C  [java+0x3c09]  main+0x189
C  0x00000001078234fe


siginfo: si_signo: 11 (SIGSEGV), si_code: 1 (SEGV_MAPERR), si_addr: 0x0000000000000338

Registers:
RAX=0x000000000000dead, RBX=0x0000000101a8a890, RCX=0x000000010789e600, RDX=0x00007ff6401a2c00
RSP=0x00007ff7bfb17c60, RBP=0x00007ff7bfb17ca0, RSI=0x00007ff63f741249, RDI=0x00007ff64406a200
R8 =0x0000000000000000, R9 =0x0000000000000000, R10=0x0000000135a38828, R11=0x000000013599e680
R12=0x00007ff6401a2c00, R13=0x0000600003f86d00, R14=0x00007ff63f741249, R15=0x0000000000000000
RIP=0x0000000101a8a8c5, EFLAGS=0x0000000000010246, ERR=0x0000000000000006
  TRAPNO=0x000000000000000e

Top of Stack: (sp=0x00007ff7bfb17c60)
0x00007ff7bfb17c60:   00007ff6463a5000 0000000000000000
0x00007ff7bfb17c70:   0000000000000010 000000012d19ce6d
0x00007ff7bfb17c80:   00007ff7bfb17ce0 0000000101a8a890
0x00007ff7bfb17c90:   0000600003f86d00 00007ff64406a4a8
0x00007ff7bfb17ca0:   00007ff7bfb17d00 000000013599e4f0
0x00007ff7bfb17cb0:   0000600000994d70 00007ff82eb60f1d
0x00007ff7bfb17cc0:   0000000000000000 40b0963b4d8674e9
0x00007ff7bfb17cd0:   000060000044a280 00007ff814267040
0x00007ff7bfb17ce0:   0000600000994d70 0000600003f86d00
0x00007ff7bfb17cf0:   0000600003f86d00 00007ff646104dc0
0x00007ff7bfb17d00:   00007ff7bfb17dc0 00007ff81b5d01d5
0x00007ff7bfb17d10:   0000600002b2f9c0 0000000000000000
0x00007ff7bfb17d20:   0000600003f86d00 0000000000000000
0x00007ff7bfb17d30:   0000000403f86d00 0000000000000000
0x00007ff7bfb17d40:   40b0963b4d8674e9 0000000000000000
0x00007ff7bfb17d50:   0000000000000000 0000600000e64c60
0x00007ff7bfb17d60:   0000000000000004 0000000000000000
0x00007ff7bfb17d70:   0000000000000000 00007ff7bfb17d98
0x00007ff7bfb17d80:   00007ff700000000 00007ff81b54fb8a
0x00007ff7bfb17d90:   323c6b98a946008d 00007ff814267040
0x00007ff7bfb17da0:   0000000000000004 0000000000000000
0x00007ff7bfb17db0:   0000600003f86d00 00007ff82eb60f1d
0x00007ff7bfb17dc0:   00007ff7bfb17e40 00007ff81b5cf810
0x00007ff7bfb17dd0:   00007ff646207410 4078800000000000
0x00007ff7bfb17de0:   4082c00000000000 4000000000000000
0x00007ff7bfb17df0:   0000000000000000 0000000000000000
0x00007ff7bfb17e00:   4082c00000000000 4078800000000000
0x00007ff7bfb17e10:   323c6b98a946008d 00007ff7bfb17f20
0x00007ff7bfb17e20:   00007ff82ebdd2bc 00007ff644c046f0
0x00007ff7bfb17e30:   00007ff7bfb17e50 00007ff7bfb17f28
0x00007ff7bfb17e40:   00007ff7bfb18f20 00007ff81b52f631
0x00007ff7bfb17e50:   0000000000000000 00007ff81b52f4d2 

Instructions: (pc=0x0000000101a8a8c5)
0x0000000101a8a7c5:   ff 74 11 41 f6 c7 01 75 17 4c 89 ff ff 15 89 5c
0x0000000101a8a7d5:   6e 00 eb 18 45 31 ff 4d 85 f6 75 18 31 c0 eb 31
0x0000000101a8a7e5:   49 ff cf 4c 89 ff ff 15 77 5c 6e 00 49 89 c7 4d
0x0000000101a8a7f5:   85 f6 74 e8 41 f6 c6 01 75 0b 4c 89 f7 ff 15 58
0x0000000101a8a805:   5c 6e 00 eb 0c 49 ff ce 4c 89 f7 ff 15 52 5c 6e
0x0000000101a8a815:   00 45 31 f6 49 39 c7 41 0f 94 c7 49 8b 9c 24 e8
0x0000000101a8a825:   00 00 00 48 8b 43 10 48 83 38 00 74 0c 48 89 df
0x0000000101a8a835:   e8 26 71 f4 ff 48 8b 43 10 48 8b 4b 08 48 89 41
0x0000000101a8a845:   10 48 8b 43 08 48 8b 4b 18 48 89 48 18 48 8b 43
0x0000000101a8a855:   08 48 8b 4b 20 48 89 48 20 49 8d bc 24 88 02 00
0x0000000101a8a865:   00 4c 89 e6 e8 22 36 e9 ff 41 c7 84 24 38 03 00
0x0000000101a8a875:   00 04 00 00 00 45 88 fe 44 89 f0 5b 41 5c 41 5e
0x0000000101a8a885:   41 5f 5d c3 0f 1f 80 00 00 00 00 55 48 89 e5 41
0x0000000101a8a895:   57 41 56 53 48 83 ec 28 49 89 ff b8 55 21 ff ff
0x0000000101a8a8a5:   03 87 b8 00 00 00 49 89 f6 49 81 c7 58 fd ff ff
0x0000000101a8a8b5:   83 f8 02 72 0b 4c 89 ff e8 5e 1d 49 00 45 31 ff
0x0000000101a8a8c5:   41 c7 87 38 03 00 00 05 00 00 00 f0 83 04 24 00
0x0000000101a8a8d5:   49 8b 87 40 03 00 00 48 a9 01 00 00 00 74 0d 4c
0x0000000101a8a8e5:   89 ff be 01 00 00 00 e8 1f 57 3b 00 41 83 bf 2c
0x0000000101a8a8f5:   03 00 00 00 75 0d 41 f7 87 28 03 00 00 0c 00 00
0x0000000101a8a905:   00 74 0a 4c 89 ff 31 f6 e8 1e 34 49 00 41 c7 87
0x0000000101a8a915:   38 03 00 00 06 00 00 00 4c 89 7d c8 48 c7 45 d0
0x0000000101a8a925:   00 00 00 00 49 83 7f 08 00 74 09 48 8d 7d c8 e8
0x0000000101a8a935:   87 8f 36 00 4d 85 f6 74 11 41 f6 c6 01 75 0f 4c
0x0000000101a8a945:   89 f7 ff 15 33 9c 6e 00 eb 10 31 f6 eb 0f 49 ff
0x0000000101a8a955:   ce 4c 89 f7 ff 15 b1 68 6e 00 48 89 c6 4c 89 ff
0x0000000101a8a965:   ba 01 00 00 00 e8 21 8c 03 00 49 89 c6 48 83 7d
0x0000000101a8a975:   d0 00 74 09 48 8d 7d c8 e8 ce 8f 36 00 49 8b 9f
0x0000000101a8a985:   e8 00 00 00 48 8b 43 10 48 83 38 00 74 0c 48 89
0x0000000101a8a995:   df e8 c5 6f f4 ff 48 8b 43 10 48 8b 4b 08 48 89
0x0000000101a8a9a5:   41 10 48 8b 43 08 48 8b 4b 18 48 89 48 18 48 8b
0x0000000101a8a9b5:   43 08 48 8b 4b 20 48 89 48 20 49 8d bf 88 02 00 



---------------  P R O C E S S  ---------------

VM state: not at safepoint (normal execution)

VM Mutex/Monitor currently owned by a thread: None

Heap address: 0x0000000780000000, size: 2048 MB, Compressed Oops mode: Zero based, Oop shift amount: 3

CDS archive(s) mapped at: [0x0000000800000000-0x0000000800bd4000-0x0000000800bd4000), size 12402688, SharedBaseAddress: 0x0000000800000000, ArchiveRelocationMode: 0.
Compressed class space mapped at: 0x0000000800c00000-0x0000000840c00000, reserved size: 1073741824
Narrow klass base: 0x0000000800000000, Narrow klass shift: 0, Narrow klass range: 0x100000000

GC Precious Log:
<Skipped>

Heap:
 garbage-first heap   total 58368K, used 41619K [0x0000000780000000, 0x0000000800000000)
  region size 1024K, 33 young (33792K), 6 survivors (6144K)
 Metaspace       used 30202K, committed 30656K, reserved 1081344K
  class space    used 4318K, committed 4544K, reserved 1048576K

Heap Regions: E=young(eden), S=young(survivor), O=old, HS=humongous(starts), HC=humongous(continues), CS=collection set, F=free, OA=open archive, CA=closed archive, TAMS=top-at-mark-start (previous, next)
|   0|0x0000000780000000, 0x0000000780100000, 0x0000000780100000|100%| O|  |TAMS 0x0000000780100000, 0x0000000780000000| Untracked 
|   1|0x0000000780100000, 0x0000000780200000, 0x0000000780200000|100%|HS|  |TAMS 0x0000000780200000, 0x0000000780100000| Complete 
|   2|0x0000000780200000, 0x0000000780300000, 0x0000000780300000|100%|HC|  |TAMS 0x0000000780300000, 0x0000000780200000| Complete 
|   3|0x0000000780300000, 0x0000000780400000, 0x0000000780400000|100%|HS|  |TAMS 0x0000000780400000, 0x0000000780300000| Complete 
|   4|0x0000000780400000, 0x0000000780500000, 0x0000000780500000|100%|HC|  |TAMS 0x0000000780500000, 0x0000000780400000| Complete 
|   5|0x0000000780500000, 0x0000000780600000, 0x0000000780600000|100%| O|  |TAMS 0x000000078053e400, 0x0000000780500000| Untracked 
|   6|0x0000000780600000, 0x0000000780700000, 0x0000000780700000|100%| O|  |TAMS 0x0000000780600000, 0x0000000780600000| Untracked 
|   7|0x0000000780700000, 0x0000000780800000, 0x0000000780800000|100%| O|  |TAMS 0x0000000780700000, 0x0000000780700000| Untracked 
|   8|0x0000000780800000, 0x0000000780880a00, 0x0000000780900000| 50%| O|  |TAMS 0x0000000780800000, 0x0000000780800000| Complete 
|   9|0x0000000780900000, 0x0000000780900000, 0x0000000780a00000|  0%| F|  |TAMS 0x0000000780900000, 0x0000000780900000| Untracked 
|  10|0x0000000780a00000, 0x0000000780a00000, 0x0000000780b00000|  0%| F|  |TAMS 0x0000000780a00000, 0x0000000780a00000| Untracked 
|  11|0x0000000780b00000, 0x0000000780b00000, 0x0000000780c00000|  0%| F|  |TAMS 0x0000000780b00000, 0x0000000780b00000| Untracked 
|  12|0x0000000780c00000, 0x0000000780c00000, 0x0000000780d00000|  0%| F|  |TAMS 0x0000000780c00000, 0x0000000780c00000| Untracked 
|  13|0x0000000780d00000, 0x0000000780d00000, 0x0000000780e00000|  0%| F|  |TAMS 0x0000000780d00000, 0x0000000780d00000| Untracked 
|  14|0x0000000780e00000, 0x0000000780e00000, 0x0000000780f00000|  0%| F|  |TAMS 0x0000000780e00000, 0x0000000780e00000| Untracked 
|  15|0x0000000780f00000, 0x0000000780f00000, 0x0000000781000000|  0%| F|  |TAMS 0x0000000780f00000, 0x0000000780f00000| Untracked 
|  16|0x0000000781000000, 0x0000000781000000, 0x0000000781100000|  0%| F|  |TAMS 0x0000000781000000, 0x0000000781000000| Untracked 
|  17|0x0000000781100000, 0x0000000781100000, 0x0000000781200000|  0%| F|  |TAMS 0x0000000781100000, 0x0000000781100000| Untracked 
|  18|0x0000000781200000, 0x0000000781200000, 0x0000000781300000|  0%| F|  |TAMS 0x0000000781200000, 0x0000000781200000| Untracked 
|  19|0x0000000781300000, 0x0000000781300000, 0x0000000781400000|  0%| F|  |TAMS 0x0000000781300000, 0x0000000781300000| Untracked 
|  20|0x0000000781400000, 0x0000000781400000, 0x0000000781500000|  0%| F|  |TAMS 0x0000000781400000, 0x0000000781400000| Untracked 
|  21|0x0000000781500000, 0x0000000781500000, 0x0000000781600000|  0%| F|  |TAMS 0x0000000781500000, 0x0000000781500000| Untracked 
|  22|0x0000000781600000, 0x0000000781600800, 0x0000000781700000|  0%| E|  |TAMS 0x0000000781600000, 0x0000000781600000| Complete 
|  23|0x0000000781700000, 0x0000000781800000, 0x0000000781800000|100%| E|CS|TAMS 0x0000000781700000, 0x0000000781700000| Complete 
|  24|0x0000000781800000, 0x0000000781900000, 0x0000000781900000|100%| E|CS|TAMS 0x0000000781800000, 0x0000000781800000| Complete 
|  25|0x0000000781900000, 0x0000000781a00000, 0x0000000781a00000|100%| E|CS|TAMS 0x0000000781900000, 0x0000000781900000| Complete 
|  26|0x0000000781a00000, 0x0000000781b00000, 0x0000000781b00000|100%| E|CS|TAMS 0x0000000781a00000, 0x0000000781a00000| Complete 
|  27|0x0000000781b00000, 0x0000000781c00000, 0x0000000781c00000|100%| E|CS|TAMS 0x0000000781b00000, 0x0000000781b00000| Complete 
|  28|0x0000000781c00000, 0x0000000781d00000, 0x0000000781d00000|100%| E|CS|TAMS 0x0000000781c00000, 0x0000000781c00000| Complete 
|  29|0x0000000781d00000, 0x0000000781e00000, 0x0000000781e00000|100%| E|CS|TAMS 0x0000000781d00000, 0x0000000781d00000| Complete 
|  30|0x0000000781e00000, 0x0000000781f00000, 0x0000000781f00000|100%| E|CS|TAMS 0x0000000781e00000, 0x0000000781e00000| Complete 
|  31|0x0000000781f00000, 0x0000000782000000, 0x0000000782000000|100%| E|CS|TAMS 0x0000000781f00000, 0x0000000781f00000| Complete 
|  32|0x0000000782000000, 0x0000000782100000, 0x0000000782100000|100%| E|CS|TAMS 0x0000000782000000, 0x0000000782000000| Complete 
|  33|0x0000000782100000, 0x0000000782200000, 0x0000000782200000|100%| E|CS|TAMS 0x0000000782100000, 0x0000000782100000| Complete 
|  34|0x0000000782200000, 0x0000000782300000, 0x0000000782300000|100%| E|CS|TAMS 0x0000000782200000, 0x0000000782200000| Complete 
|  35|0x0000000782300000, 0x0000000782400000, 0x0000000782400000|100%| E|CS|TAMS 0x0000000782300000, 0x0000000782300000| Complete 
|  36|0x0000000782400000, 0x0000000782500000, 0x0000000782500000|100%| E|CS|TAMS 0x0000000782400000, 0x0000000782400000| Complete 
|  37|0x0000000782500000, 0x0000000782600000, 0x0000000782600000|100%| E|CS|TAMS 0x0000000782500000, 0x0000000782500000| Complete 
|  38|0x0000000782600000, 0x0000000782700000, 0x0000000782700000|100%| E|CS|TAMS 0x0000000782600000, 0x0000000782600000| Complete 
|  39|0x0000000782700000, 0x0000000782800000, 0x0000000782800000|100%| E|CS|TAMS 0x0000000782700000, 0x0000000782700000| Complete 
|  40|0x0000000782800000, 0x0000000782900000, 0x0000000782900000|100%| E|CS|TAMS 0x0000000782800000, 0x0000000782800000| Complete 
|  41|0x0000000782900000, 0x0000000782a00000, 0x0000000782a00000|100%| E|CS|TAMS 0x0000000782900000, 0x0000000782900000| Complete 
|  42|0x0000000782a00000, 0x0000000782b00000, 0x0000000782b00000|100%| E|CS|TAMS 0x0000000782a00000, 0x0000000782a00000| Complete 
|  43|0x0000000782b00000, 0x0000000782c00000, 0x0000000782c00000|100%| E|CS|TAMS 0x0000000782b00000, 0x0000000782b00000| Complete 
|  44|0x0000000782c00000, 0x0000000782d00000, 0x0000000782d00000|100%| E|CS|TAMS 0x0000000782c00000, 0x0000000782c00000| Complete 
|  45|0x0000000782d00000, 0x0000000782e00000, 0x0000000782e00000|100%| E|CS|TAMS 0x0000000782d00000, 0x0000000782d00000| Complete 
|  46|0x0000000782e00000, 0x0000000782f00000, 0x0000000782f00000|100%| E|CS|TAMS 0x0000000782e00000, 0x0000000782e00000| Complete 
|  47|0x0000000782f00000, 0x0000000783000000, 0x0000000783000000|100%| E|CS|TAMS 0x0000000782f00000, 0x0000000782f00000| Complete 
|  48|0x0000000783000000, 0x0000000783100000, 0x0000000783100000|100%| E|CS|TAMS 0x0000000783000000, 0x0000000783000000| Complete 
|  99|0x0000000786300000, 0x000000078632ea70, 0x0000000786400000| 18%| S|CS|TAMS 0x0000000786300000, 0x0000000786300000| Complete 
| 100|0x0000000786400000, 0x0000000786500000, 0x0000000786500000|100%| S|CS|TAMS 0x0000000786400000, 0x0000000786400000| Complete 
| 101|0x0000000786500000, 0x0000000786600000, 0x0000000786600000|100%| S|CS|TAMS 0x0000000786500000, 0x0000000786500000| Complete 
| 102|0x0000000786600000, 0x0000000786700000, 0x0000000786700000|100%| S|CS|TAMS 0x0000000786600000, 0x0000000786600000| Complete 
| 103|0x0000000786700000, 0x0000000786800000, 0x0000000786800000|100%| S|CS|TAMS 0x0000000786700000, 0x0000000786700000| Complete 
| 104|0x0000000786800000, 0x0000000786900000, 0x0000000786900000|100%| S|CS|TAMS 0x0000000786800000, 0x0000000786800000| Complete 
|2046|0x00000007ffe00000, 0x00000007ffe76000, 0x00000007fff00000| 46%|OA|  |TAMS 0x00000007ffe76000, 0x00000007ffe00000| Untracked 
|2047|0x00000007fff00000, 0x00000007fff7f000, 0x0000000800000000| 49%|CA|  |TAMS 0x00000007fff7f000, 0x00000007fff00000| Untracked 

Card table byte_map: [0x0000000100bbb000,0x0000000100fbb000] _byte_map_base: 0x00000000fcfbb000

Marking Bits (Prev, Next): (CMBitMap*) 0x00007ff64180e850, (CMBitMap*) 0x00007ff64180e810
 Prev Bits: [0x0000000104584000, 0x0000000106584000)
 Next Bits: [0x0000000102584000, 0x0000000104584000)

Polling page: 0x000000010052b000

Metaspace:

Usage:
  Non-class:     25.28 MB used.
      Class:      4.22 MB used.
       Both:     29.49 MB used.

Virtual space:
  Non-class space:       32.00 MB reserved,      25.50 MB ( 80%) committed,  4 nodes.
      Class space:        1.00 GB reserved,       4.44 MB ( <1%) committed,  1 nodes.
             Both:        1.03 GB reserved,      29.94 MB (  3%) committed. 

Chunk freelists:
   Non-Class:  2.41 MB
       Class:  3.60 MB
        Both:  6.01 MB

MaxMetaspaceSize: unlimited
CompressedClassSpaceSize: 1.00 GB
Initial GC threshold: 21.00 MB
Current GC threshold: 35.12 MB
CDS: on
MetaspaceReclaimPolicy: balanced
 - commit_granule_bytes: 65536.
 - commit_granule_words: 8192.
 - virtual_space_node_default_size: 1048576.
 - enlarge_chunks_in_place: 1.
 - new_chunks_are_fully_committed: 0.
 - uncommit_free_chunks: 1.
 - use_allocation_guard: 0.
 - handle_deallocations: 1.


Internal statistics:

num_allocs_failed_limit: 3.
num_arena_births: 498.
num_arena_deaths: 0.
num_vsnodes_births: 5.
num_vsnodes_deaths: 0.
num_space_committed: 479.
num_space_uncommitted: 0.
num_chunks_returned_to_freelist: 3.
num_chunks_taken_from_freelist: 1357.
num_chunk_merges: 3.
num_chunk_splits: 893.
num_chunks_enlarged: 666.
num_purges: 0.
num_inconsistent_stats: 0.

CodeHeap 'non-profiled nmethods': size=120028Kb used=2221Kb max_used=2221Kb free=117806Kb
 bounds [0x0000000116aa2000, 0x0000000116d12000, 0x000000011dfd9000]
CodeHeap 'profiled nmethods': size=120028Kb used=11879Kb max_used=11879Kb free=108148Kb
 bounds [0x000000010f56b000, 0x000000011010b000, 0x0000000116aa2000]
CodeHeap 'non-nmethods': size=5704Kb used=1578Kb max_used=1631Kb free=4126Kb
 bounds [0x000000010efd9000, 0x000000010f249000, 0x000000010f56b000]
 total_blobs=6777 nmethods=5786 adapters=903
 compilation: enabled
              stopped_count=0, restarted_count=0
 full_count=0

Compilation events (20 events):
Event: 173.597 Thread 0x00007ff642020800 5805       3       java.util.Formatter::ensureOpen (16 bytes)
Event: 173.597 Thread 0x00007ff642020800 nmethod 5805 0x0000000110101410 code [0x00000001101015c0, 0x0000000110101780]
Event: 173.616 Thread 0x00007ff642020800 5806       3       sun.java2d.SunGraphics2D::getDeviceConfiguration (8 bytes)
Event: 173.616 Thread 0x00007ff642020800 nmethod 5806 0x0000000110101890 code [0x0000000110101a40, 0x0000000110101c20]
Event: 173.616 Thread 0x00007ff642020800 5807       1       javax.swing.AbstractButton::getHorizontalAlignment (5 bytes)
Event: 173.616 Thread 0x00007ff642020800 nmethod 5807 0x0000000116cccb10 code [0x0000000116cccca0, 0x0000000116cccd70]
Event: 173.616 Thread 0x00007ff642020800 5808       1       javax.swing.AbstractButton::getVerticalTextPosition (5 bytes)
Event: 173.616 Thread 0x00007ff642020800 nmethod 5808 0x0000000116ccce10 code [0x0000000116cccfa0, 0x0000000116ccd070]
Event: 173.616 Thread 0x00007ff642020800 5809       1       javax.swing.AbstractButton::getHorizontalTextPosition (5 bytes)
Event: 173.616 Thread 0x00007ff642020800 nmethod 5809 0x0000000116ccd110 code [0x0000000116ccd2a0, 0x0000000116ccd370]
Event: 173.617 Thread 0x00007ff642020800 5810       3       javax.swing.plaf.InsetsUIResource::<init> (10 bytes)
Event: 173.618 Thread 0x00007ff642020800 nmethod 5810 0x0000000110101d10 code [0x0000000110101ec0, 0x0000000110102090]
Event: 173.618 Thread 0x00007ff642020800 5811   !   3       javax.swing.text.FieldView::getPreferredSpan (156 bytes)
Event: 173.618 Thread 0x00007ff64104e000 5814       4       sun.java2d.pipe.RenderBuffer::putInt (26 bytes)
Event: 173.618 Thread 0x00007ff64104e000 nmethod 5814 0x0000000116ccd410 code [0x0000000116ccd5a0, 0x0000000116ccd658]
Event: 173.619 Thread 0x00007ff642020800 nmethod 5811 0x0000000110102190 code [0x00000001101024c0, 0x0000000110103c60]
Event: 173.619 Thread 0x00007ff642020800 5812       3       javax.swing.text.GapContent$StickyPosition::getOffset (8 bytes)
Event: 173.619 Thread 0x00007ff642020800 nmethod 5812 0x0000000110104690 code [0x0000000110104840, 0x0000000110104980]
Event: 173.619 Thread 0x00007ff642020800 5813       3       javax.swing.text.GapContent$MarkData::getOffset (46 bytes)
Event: 173.619 Thread 0x00007ff642020800 nmethod 5813 0x0000000110104a90 code [0x0000000110104c40, 0x0000000110104e90]

GC Heap History (6 events):
Event: 0.845 GC heap before
{Heap before GC invocations=0 (full 0):
 garbage-first heap   total 133120K, used 23508K [0x0000000780000000, 0x0000000800000000)
  region size 1024K, 23 young (23552K), 0 survivors (0K)
 Metaspace       used 6252K, committed 6400K, reserved 1056768K
  class space    used 770K, committed 832K, reserved 1048576K
}
Event: 0.851 GC heap after
{Heap after GC invocations=1 (full 0):
 garbage-first heap   total 133120K, used 4419K [0x0000000780000000, 0x0000000800000000)
  region size 1024K, 3 young (3072K), 3 survivors (3072K)
 Metaspace       used 6252K, committed 6400K, reserved 1056768K
  class space    used 770K, committed 832K, reserved 1048576K
}
Event: 2.426 GC heap before
{Heap before GC invocations=1 (full 0):
 garbage-first heap   total 133120K, used 48451K [0x0000000780000000, 0x0000000800000000)
  region size 1024K, 42 young (43008K), 3 survivors (3072K)
 Metaspace       used 16577K, committed 16896K, reserved 1064960K
  class space    used 2550K, committed 2688K, reserved 1048576K
}
Event: 2.432 GC heap after
{Heap after GC invocations=2 (full 0):
 garbage-first heap   total 133120K, used 12493K [0x0000000780000000, 0x0000000800000000)
  region size 1024K, 6 young (6144K), 6 survivors (6144K)
 Metaspace       used 16577K, committed 16896K, reserved 1064960K
  class space    used 2550K, committed 2688K, reserved 1048576K
}
Event: 6.958 GC heap before
{Heap before GC invocations=2 (full 0):
 garbage-first heap   total 133120K, used 35021K [0x0000000780000000, 0x0000000800000000)
  region size 1024K, 29 young (29696K), 6 survivors (6144K)
 Metaspace       used 21173K, committed 21504K, reserved 1073152K
  class space    used 3308K, committed 3456K, reserved 1048576K
}
Event: 6.963 GC heap after
{Heap after GC invocations=3 (full 0):
 garbage-first heap   total 133120K, used 14993K [0x0000000780000000, 0x0000000800000000)
  region size 1024K, 6 young (6144K), 6 survivors (6144K)
 Metaspace       used 21173K, committed 21504K, reserved 1073152K
  class space    used 3308K, committed 3456K, reserved 1048576K
}

Deoptimization events (20 events):
Event: 23.311 Thread 0x00007ff64515a600 Uncommon trap: trap_request=0xffffff45 fr.pc=0x0000000116b18c54 relative=0x00000000000001b4
Event: 23.311 Thread 0x00007ff64515a600 Uncommon trap: reason=unstable_if action=reinterpret pc=0x0000000116b18c54 method=java.lang.StringLatin1.indexOf([BII)I @ 4 c2
Event: 23.311 Thread 0x00007ff64515a600 DEOPT PACKING pc=0x0000000116b18c54 sp=0x000070000f94cee0
Event: 23.311 Thread 0x00007ff64515a600 DEOPT UNPACKING pc=0x000000010f02b099 sp=0x000070000f94ce28 mode 2
Event: 165.058 Thread 0x00007ff64406a200 Uncommon trap: trap_request=0xffffffde fr.pc=0x0000000116c21824 relative=0x0000000000000264
Event: 165.058 Thread 0x00007ff64406a200 Uncommon trap: reason=class_check action=maybe_recompile pc=0x0000000116c21824 method=java.util.WeakHashMap.matchesKey(Ljava/util/WeakHashMap$Entry;Ljava/lang/Object;)Z @ 21 c2
Event: 165.058 Thread 0x00007ff64406a200 DEOPT PACKING pc=0x0000000116c21824 sp=0x00007ff7bfb15c60
Event: 165.058 Thread 0x00007ff64406a200 DEOPT UNPACKING pc=0x000000010f02b099 sp=0x00007ff7bfb15b88 mode 2
Event: 165.070 Thread 0x00007ff64515a600 Uncommon trap: trap_request=0xffffff45 fr.pc=0x0000000116ac097c relative=0x000000000000015c
Event: 165.070 Thread 0x00007ff64515a600 Uncommon trap: reason=unstable_if action=reinterpret pc=0x0000000116ac097c method=java.lang.StringLatin1.canEncode(I)Z @ 4 c2
Event: 165.070 Thread 0x00007ff64515a600 DEOPT PACKING pc=0x0000000116ac097c sp=0x000070000f94cf60
Event: 165.070 Thread 0x00007ff64515a600 DEOPT UNPACKING pc=0x000000010f02b099 sp=0x000070000f94ceb0 mode 2
Event: 166.917 Thread 0x00007ff64515a600 Uncommon trap: trap_request=0xffffff45 fr.pc=0x0000000116cae1c8 relative=0x00000000000000a8
Event: 166.917 Thread 0x00007ff64515a600 Uncommon trap: reason=unstable_if action=reinterpret pc=0x0000000116cae1c8 method=java.awt.Component.inside(II)Z @ 1 c2
Event: 166.918 Thread 0x00007ff64515a600 DEOPT PACKING pc=0x0000000116cae1c8 sp=0x000070000f94dd90
Event: 166.918 Thread 0x00007ff64515a600 DEOPT UNPACKING pc=0x000000010f02b099 sp=0x000070000f94dc50 mode 2
Event: 171.223 Thread 0x00007ff64515a600 Uncommon trap: trap_request=0xffffff45 fr.pc=0x0000000116cc1c44 relative=0x00000000000000a4
Event: 171.223 Thread 0x00007ff64515a600 Uncommon trap: reason=unstable_if action=reinterpret pc=0x0000000116cc1c44 method=java.awt.EventQueue.eventToCacheIndex(Ljava/awt/AWTEvent;)I @ 4 c2
Event: 171.223 Thread 0x00007ff64515a600 DEOPT PACKING pc=0x0000000116cc1c44 sp=0x000070000f94e580
Event: 171.223 Thread 0x00007ff64515a600 DEOPT UNPACKING pc=0x000000010f02b099 sp=0x000070000f94e538 mode 2

Classes unloaded (0 events):
No events

Classes redefined (0 events):
No events

Internal exceptions (20 events):
Event: 22.656 Thread 0x00007ff64406a200 Exception <a 'java/lang/ClassNotFoundException'{0x00000007820c5c58}: sun/awt/resources/spi/awtosxProvider> (0x00000007820c5c58) 
thrown [open/src/hotspot/share/classfile/systemDictionary.cpp, line 256]
Event: 22.721 Thread 0x00007ff64406a200 Exception <a 'java/lang/NoSuchMethodError'{0x0000000781f5a840}: 'java.lang.Object java.lang.invoke.DirectMethodHandle$Holder.invokeStatic(java.lang.Object, int, java.lang.Object, java.lang.Object, java.lang.Object, java.lang.Object)'> (0x0000000781f5a840) 
thrown [open/src/hotspot/share/interpreter/linkResolver.cpp, line 766]
Event: 22.721 Thread 0x00007ff64406a200 Exception <a 'java/lang/NoSuchMethodError'{0x0000000781f624c8}: 'java.lang.Object java.lang.invoke.DirectMethodHandle$Holder.newInvokeSpecial(java.lang.Object, int, java.lang.Object, java.lang.Object, java.lang.Object)'> (0x0000000781f624c8) 
thrown [open/src/hotspot/share/interpreter/linkResolver.cpp, line 766]
Event: 22.721 Thread 0x00007ff64406a200 Exception <a 'java/lang/NoSuchMethodError'{0x0000000781f66c58}: 'java.lang.Object java.lang.invoke.DirectMethodHandle$Holder.invokeSpecial(java.lang.Object, java.lang.Object, int, java.lang.Object, java.lang.Object, java.lang.Object)'> (0x0000000781f66c58) 
thrown [open/src/hotspot/share/interpreter/linkResolver.cpp, line 766]
Event: 22.724 Thread 0x00007ff64406a200 Exception <a 'java/lang/ClassNotFoundException'{0x0000000781fad9f0}: com/apple/laf/resources/spi/aquaProvider> (0x0000000781fad9f0) 
thrown [open/src/hotspot/share/classfile/systemDictionary.cpp, line 256]
Event: 22.735 Thread 0x00007ff64406a200 Exception <a 'java/lang/ClassNotFoundException'{0x0000000781e1d390}: com/sun/swing/internal/plaf/basic/resources/spi/basicProvider> (0x0000000781e1d390) 
thrown [open/src/hotspot/share/classfile/systemDictionary.cpp, line 256]
Event: 22.759 Thread 0x00007ff64406a200 Exception <a 'java/lang/NoSuchMethodError'{0x0000000781e58c88}: 'java.lang.Object java.lang.invoke.Invokers$Holder.linkToTargetMethod(int, int, int, int, java.lang.Object)'> (0x0000000781e58c88) 
thrown [open/src/hotspot/share/interpreter/linkResolver.cpp, line 766]
Event: 22.760 Thread 0x00007ff64406a200 Exception <a 'java/lang/NoSuchMethodError'{0x0000000781e5cad0}: 'void java.lang.invoke.DirectMethodHandle$Holder.invokeStatic(java.lang.Object, java.lang.Object, long)'> (0x0000000781e5cad0) 
thrown [open/src/hotspot/share/interpreter/linkResolver.cpp, line 766]
Event: 22.766 Thread 0x00007ff64406a200 Exception <a 'java/lang/NoSuchMethodError'{0x0000000781e78690}: 'void java.lang.invoke.DirectMethodHandle$Holder.invokeSpecial(java.lang.Object, java.lang.Object, long)'> (0x0000000781e78690) 
thrown [open/src/hotspot/share/interpreter/linkResolver.cpp, line 766]
Event: 22.766 Thread 0x00007ff64406a200 Exception <a 'java/lang/NoSuchMethodError'{0x0000000781e7eac0}: 'void java.lang.invoke.DirectMethodHandle$Holder.invokeStatic(java.lang.Object, long, long)'> (0x0000000781e7eac0) 
thrown [open/src/hotspot/share/interpreter/linkResolver.cpp, line 766]
Event: 22.767 Thread 0x00007ff64406a200 Exception <a 'java/lang/NoSuchMethodError'{0x0000000781e9c740}: 'java.lang.Object java.lang.invoke.DirectMethodHandle$Holder.newInvokeSpecial(java.lang.Object, long)'> (0x0000000781e9c740) 
thrown [open/src/hotspot/share/interpreter/linkResolver.cpp, line 766]
Event: 22.804 Thread 0x00007ff64406a200 Exception <a 'java/lang/NoSuchMethodError'{0x0000000781ee0430}: 'java.lang.Object java.lang.invoke.DirectMethodHandle$Holder.invokeSpecial(java.lang.Object, java.lang.Object, double, double)'> (0x0000000781ee0430) 
thrown [open/src/hotspot/share/interpreter/linkResolver.cpp, line 766]
Event: 22.806 Thread 0x00007ff64406a200 Exception <a 'java/lang/NoSuchMethodError'{0x0000000781ef3a38}: 'java.lang.Object java.lang.invoke.DirectMethodHandle$Holder.newInvokeSpecial(java.lang.Object, java.lang.Object, int, int)'> (0x0000000781ef3a38) 
thrown [open/src/hotspot/share/interpreter/linkResolver.cpp, line 766]
Event: 22.806 Thread 0x00007ff64406a200 Exception <a 'java/lang/NoSuchMethodError'{0x0000000781ef7cb0}: 'java.lang.Object java.lang.invoke.DirectMethodHandle$Holder.invokeSpecial(java.lang.Object, java.lang.Object, java.lang.Object, int, int)'> (0x0000000781ef7cb0) 
thrown [open/src/hotspot/share/interpreter/linkResolver.cpp, line 766]
Event: 22.806 Thread 0x00007ff64406a200 Exception <a 'java/lang/NoSuchMethodError'{0x0000000781efbb28}: 'java.lang.Object java.lang.invoke.Invokers$Holder.linkToTargetMethod(java.lang.Object, int, int, java.lang.Object)'> (0x0000000781efbb28) 
thrown [open/src/hotspot/share/interpreter/linkResolver.cpp, line 766]
Event: 23.317 Thread 0x00007ff64406a200 Exception <a 'java/lang/NoSuchMethodError'{0x0000000781dd7f58}: 'void java.lang.invoke.DirectMethodHandle$Holder.invokeStatic(java.lang.Object, long)'> (0x0000000781dd7f58) 
thrown [open/src/hotspot/share/interpreter/linkResolver.cpp, line 766]
Event: 167.372 Thread 0x00007ff64515a600 Exception <a 'java/lang/NoSuchMethodError'{0x0000000781ae48f8}: 'java.lang.Object java.lang.invoke.DirectMethodHandle$Holder.newInvokeSpecial(java.lang.Object, java.lang.Object, int, int, int, int)'> (0x0000000781ae48f8) 
thrown [open/src/hotspot/share/interpreter/linkResolver.cpp, line 766]
Event: 167.375 Thread 0x00007ff64515a600 Exception <a 'java/lang/NoSuchMethodError'{0x0000000781af06c0}: 'java.lang.Object java.lang.invoke.DirectMethodHandle$Holder.invokeStatic(java.lang.Object, java.lang.Object, java.lang.Object, int, int, int, int, int)'> (0x0000000781af06c0) 
thrown [open/src/hotspot/share/interpreter/linkResolver.cpp, line 766]
Event: 167.377 Thread 0x00007ff64515a600 Exception <a 'java/lang/NoSuchMethodError'{0x0000000781afa678}: 'java.lang.Object java.lang.invoke.DirectMethodHandle$Holder.invokeStatic(java.lang.Object, int, java.lang.Object, java.lang.Object)'> (0x0000000781afa678) 
thrown [open/src/hotspot/share/interpreter/linkResolver.cpp, line 766]
Event: 167.377 Thread 0x00007ff64515a600 Exception <a 'java/lang/NoSuchMethodError'{0x0000000781901a08}: 'java.lang.Object java.lang.invoke.DirectMethodHandle$Holder.newInvokeSpecial(java.lang.Object, int, java.lang.Object)'> (0x0000000781901a08) 
thrown [open/src/hotspot/share/interpreter/linkResolver.cpp, line 766]

VM Operations (20 events):
Event: 165.830 Executing VM operation: Cleanup
Event: 165.830 Executing VM operation: Cleanup done
Event: 166.835 Executing VM operation: Cleanup
Event: 166.835 Executing VM operation: Cleanup done
Event: 167.360 Executing VM operation: HandshakeAllThreads
Event: 167.360 Executing VM operation: HandshakeAllThreads done
Event: 167.365 Executing VM operation: HandshakeAllThreads
Event: 167.365 Executing VM operation: HandshakeAllThreads done
Event: 168.369 Executing VM operation: Cleanup
Event: 168.369 Executing VM operation: Cleanup done
Event: 169.372 Executing VM operation: Cleanup
Event: 169.372 Executing VM operation: Cleanup done
Event: 170.377 Executing VM operation: Cleanup
Event: 170.377 Executing VM operation: Cleanup done
Event: 171.381 Executing VM operation: Cleanup
Event: 171.381 Executing VM operation: Cleanup done
Event: 172.385 Executing VM operation: Cleanup
Event: 172.385 Executing VM operation: Cleanup done
Event: 173.389 Executing VM operation: Cleanup
Event: 173.389 Executing VM operation: Cleanup done

Events (20 events):
Event: 172.552 loading class sun/awt/SunToolkit$1
Event: 172.553 loading class sun/awt/SunToolkit$1 done
Event: 172.572 Protecting memory [0x000070000e48a000,0x000070000e48e000] with protection modes 0
Event: 172.572 Thread 0x00007ff6454fd800 Thread added: 0x00007ff6454fd800
Event: 173.223 Protecting memory [0x000070000e48a000,0x000070000e48e000] with protection modes 3
Event: 173.223 Thread 0x00007ff6454fd800 Thread exited: 0x00007ff6454fd800
Event: 173.587 Protecting memory [0x000070000f443000,0x000070000f447000] with protection modes 3
Event: 173.587 Thread 0x00007ff642b94200 Thread exited: 0x00007ff642b94200
Event: 173.605 Protecting memory [0x000070000e48a000,0x000070000e48e000] with protection modes 0
Event: 173.605 Thread 0x00007ff642a9f600 Thread added: 0x00007ff642a9f600
Event: 173.621 Protecting memory [0x000070000e181000,0x000070000e185000] with protection modes 3
Event: 173.621 Thread 0x00007ff64400b200 Thread exited: 0x00007ff64400b200
Event: 173.621 Protecting memory [0x000070000e696000,0x000070000e69a000] with protection modes 3
Event: 173.621 Thread 0x00007ff63f8a9800 Thread exited: 0x00007ff63f8a9800
Event: 173.621 Protecting memory [0x00007ff7bf31d000,0x00007ff7bf321000] with protection modes 3
Event: 173.621 Thread 0x00007ff64406a200 Thread exited: 0x00007ff64406a200
Event: 173.621 Protecting memory [0x000070000ce45000,0x000070000ce49000] with protection modes 3
Event: 173.621 Thread 0x00007ff64180c600 Thread exited: 0x00007ff64180c600
Event: 173.621 Protecting memory [0x000070000ce45000,0x000070000ce49000] with protection modes 0
Event: 173.621 Thread 0x00007ff6452cf600 Thread added: 0x00007ff6452cf600


Dynamic libraries:
0x0000000100509000 	/Library/Java/JavaVirtualMachines/jdk-17.0.1.jdk/Contents/Home/lib/libjli.dylib
0x00007ff81f05f000 	/usr/lib/libz.1.dylib
0x00007ff81f13f000 	/usr/lib/libSystem.B.dylib
0x00007ff81f13a000 	/usr/lib/system/libcache.dylib
0x00007ff81f0f6000 	/usr/lib/system/libcommonCrypto.dylib
0x00007ff81f11f000 	/usr/lib/system/libcompiler_rt.dylib
0x00007ff81f115000 	/usr/lib/system/libcopyfile.dylib
0x00007ff81415b000 	/usr/lib/system/libcorecrypto.dylib
0x00007ff81421a000 	/usr/lib/system/libdispatch.dylib
0x00007ff8143d9000 	/usr/lib/system/libdyld.dylib
0x00007ff81f131000 	/usr/lib/system/libkeymgr.dylib
0x00007ff81f0d4000 	/usr/lib/system/libmacho.dylib
0x00007ff81e764000 	/usr/lib/system/libquarantine.dylib
0x00007ff81f12f000 	/usr/lib/system/libremovefile.dylib
0x00007ff81933d000 	/usr/lib/system/libsystem_asl.dylib
0x00007ff814109000 	/usr/lib/system/libsystem_blocks.dylib
0x00007ff81429e000 	/usr/lib/system/libsystem_c.dylib
0x00007ff81f127000 	/usr/lib/system/libsystem_collections.dylib
0x00007ff81da0c000 	/usr/lib/system/libsystem_configuration.dylib
0x00007ff81cccd000 	/usr/lib/system/libsystem_containermanager.dylib
0x00007ff81ee11000 	/usr/lib/system/libsystem_coreservices.dylib
0x00007ff816a03000 	/usr/lib/system/libsystem_darwin.dylib
0x00007ff81f132000 	/usr/lib/system/libsystem_dnssd.dylib
0x00007ff81429b000 	/usr/lib/system/libsystem_featureflags.dylib
0x00007ff8143ef000 	/usr/lib/system/libsystem_info.dylib
0x00007ff81f072000 	/usr/lib/system/libsystem_m.dylib
0x00007ff8141ee000 	/usr/lib/system/libsystem_malloc.dylib
0x00007ff8192da000 	/usr/lib/system/libsystem_networkextension.dylib
0x00007ff816e2b000 	/usr/lib/system/libsystem_notify.dylib
0x00007ff8252ae000 	/usr/lib/system/libsystem_product_info_filter.dylib
0x00007ff81da10000 	/usr/lib/system/libsystem_sandbox.dylib
0x00007ff81f12c000 	/usr/lib/system/libsystem_secinit.dylib
0x00007ff814396000 	/usr/lib/system/libsystem_kernel.dylib
0x00007ff8143e5000 	/usr/lib/system/libsystem_platform.dylib
0x00007ff8143cd000 	/usr/lib/system/libsystem_pthread.dylib
0x00007ff81ab92000 	/usr/lib/system/libsystem_symptoms.dylib
0x00007ff814142000 	/usr/lib/system/libsystem_trace.dylib
0x00007ff81f102000 	/usr/lib/system/libunwind.dylib
0x00007ff81410b000 	/usr/lib/system/libxpc.dylib
0x00007ff814380000 	/usr/lib/libc++abi.dylib
0x00007ff814261000 	/usr/lib/libobjc.A.dylib
0x00007ff81f10d000 	/usr/lib/liboah.dylib
0x00007ff814327000 	/usr/lib/libc++.1.dylib
0x00007ff82b004000 	/System/Library/Frameworks/Cocoa.framework/Versions/A/Cocoa
0x00007ff816e89000 	/System/Library/Frameworks/AppKit.framework/Versions/C/AppKit
0x00007ff81a37f000 	/System/Library/Frameworks/CoreData.framework/Versions/A/CoreData
0x00007ff8152a0000 	/System/Library/Frameworks/Foundation.framework/Versions/C/Foundation
0x00007ff817d18000 	/System/Library/PrivateFrameworks/UIFoundation.framework/Versions/A/UIFoundation
0x00007ff824fb5000 	/System/Library/PrivateFrameworks/RemoteViewServices.framework/Versions/A/RemoteViewServices
0x00007ff81d3a5000 	/System/Library/PrivateFrameworks/XCTTargetBootstrap.framework/Versions/A/XCTTargetBootstrap
0x00007ff820f4f000 	/System/Library/PrivateFrameworks/InternationalSupport.framework/Versions/A/InternationalSupport
0x00007ff820fd9000 	/System/Library/PrivateFrameworks/UserActivity.framework/Versions/A/UserActivity
0x00007ff82032f000 	/usr/lib/libspindump.dylib
0x00007ff817fa6000 	/System/Library/Frameworks/UniformTypeIdentifiers.framework/Versions/A/UniformTypeIdentifiers
0x00007ff81bae2000 	/usr/lib/libapp_launch_measurement.dylib
0x00007ff81ad4b000 	/System/Library/PrivateFrameworks/CoreAnalytics.framework/Versions/A/CoreAnalytics
0x00007ff81bae5000 	/System/Library/PrivateFrameworks/CoreAutoLayout.framework/Versions/A/CoreAutoLayout
0x00007ff81cd05000 	/System/Library/Frameworks/Metal.framework/Versions/A/Metal
0x00007ff81da1b000 	/usr/lib/liblangid.dylib
0x00007ff81d3a9000 	/System/Library/PrivateFrameworks/CoreSVG.framework/Versions/A/CoreSVG
0x00007ff81936d000 	/System/Library/PrivateFrameworks/SkyLight.framework/Versions/A/SkyLight
0x00007ff819700000 	/System/Library/Frameworks/CoreGraphics.framework/Versions/A/CoreGraphics
0x00007ff825624000 	/System/Library/Frameworks/Accelerate.framework/Versions/A/Accelerate
0x00007ff81fdaa000 	/System/Library/PrivateFrameworks/IconServices.framework/Versions/A/IconServices
0x00007ff81ccea000 	/System/Library/Frameworks/IOSurface.framework/Versions/A/IOSurface
0x00007ff81ad79000 	/usr/lib/libDiagnosticMessagesClient.dylib
0x00007ff828c93000 	/System/Library/Frameworks/ApplicationServices.framework/Versions/A/ApplicationServices
0x00007ff81d391000 	/System/Library/PrivateFrameworks/DFRFoundation.framework/Versions/A/DFRFoundation
0x00007ff81677a000 	/usr/lib/libicucore.A.dylib
0x00007ff821c74000 	/System/Library/Frameworks/AudioToolbox.framework/Versions/A/AudioToolbox
0x00007ff820f5b000 	/System/Library/PrivateFrameworks/DataDetectorsCore.framework/Versions/A/DataDetectorsCore
0x00007ff91c8ba000 	/System/Library/PrivateFrameworks/TextInput.framework/Versions/A/TextInput
0x00007ff8192f1000 	/usr/lib/libMobileGestalt.dylib
0x00007ff81d099000 	/System/Library/Frameworks/Carbon.framework/Versions/A/Frameworks/HIToolbox.framework/Versions/A/HIToolbox
0x00007ff81b50f000 	/System/Library/Frameworks/QuartzCore.framework/Versions/A/QuartzCore
0x00007ff81641a000 	/System/Library/Frameworks/Security.framework/Versions/A/Security
0x00007ff824fed000 	/System/Library/Frameworks/Carbon.framework/Versions/A/Frameworks/SpeechRecognition.framework/Versions/A/SpeechRecognition
0x00007ff81b842000 	/System/Library/PrivateFrameworks/CoreUI.framework/Versions/A/CoreUI
0x00007ff815cf2000 	/System/Library/Frameworks/CoreAudio.framework/Versions/A/CoreAudio
0x00007ff81ae67000 	/System/Library/Frameworks/DiskArbitration.framework/Versions/A/DiskArbitration
0x00007ff820716000 	/System/Library/PrivateFrameworks/MultitouchSupport.framework/Versions/A/MultitouchSupport
0x00007ff8192f0000 	/usr/lib/libenergytrace.dylib
0x00007ff816d75000 	/System/Library/Frameworks/IOKit.framework/Versions/A/IOKit
0x00007ff8253d9000 	/System/Library/Frameworks/CoreServices.framework/Versions/A/CoreServices
0x00007ff81ba7c000 	/System/Library/PrivateFrameworks/PerformanceAnalysis.framework/Versions/A/PerformanceAnalysis
0x00007ffa2c085000 	/System/Library/Frameworks/OpenGL.framework/Versions/A/OpenGL
0x00007ff81e690000 	/System/Library/PrivateFrameworks/MobileKeyBag.framework/Versions/A/MobileKeyBag
0x00007ff819dcc000 	/System/Library/Frameworks/ColorSync.framework/Versions/A/ColorSync
0x00007ff81441a000 	/System/Library/Frameworks/CoreFoundation.framework/Versions/A/CoreFoundation
0x00007ff81d622000 	/System/Library/Frameworks/CoreImage.framework/Versions/A/CoreImage
0x00007ff815b08000 	/System/Library/Frameworks/CoreText.framework/Versions/A/CoreText
0x00007ff81d3d8000 	/System/Library/Frameworks/ImageIO.framework/Versions/A/ImageIO
0x00007ff81f145000 	/System/Library/PrivateFrameworks/SoftLinking.framework/Versions/A/SoftLinking
0x00007ff81bb2d000 	/usr/lib/libxml2.2.dylib
0x00007ff81f3c9000 	/usr/lib/libcompression.dylib
0x00007ff820e85000 	/System/Library/PrivateFrameworks/TextureIO.framework/Versions/A/TextureIO
0x00007ff81fabc000 	/usr/lib/libate.dylib
0x00007ff81f89a000 	/usr/lib/liblzma.5.dylib
0x00007ff814fb1000 	/System/Library/Frameworks/SystemConfiguration.framework/Versions/A/SystemConfiguration
0x00007ff81f141000 	/usr/lib/libfakelink.dylib
0x00007ff818e43000 	/System/Library/Frameworks/CFNetwork.framework/Versions/A/CFNetwork
0x00007ff81f280000 	/usr/lib/libarchive.2.dylib
0x00007ff81da17000 	/System/Library/PrivateFrameworks/AppleSystemInfo.framework/Versions/A/AppleSystemInfo
0x00007ff81e78b000 	/usr/lib/libbsm.0.dylib
0x00007ff818479000 	/usr/lib/libnetwork.dylib
0x00007ff81f0da000 	/usr/lib/system/libkxld.dylib
0x00007ff81e3b9000 	/System/Library/PrivateFrameworks/IOMobileFramebuffer.framework/Versions/A/IOMobileFramebuffer
0x00007ffb29e33000 	/usr/lib/libCoreEntitlements.dylib
0x00007ff81edf3000 	/System/Library/PrivateFrameworks/AppleFSCompression.framework/Versions/A/AppleFSCompression
0x00007ff81e773000 	/usr/lib/libcoretls.dylib
0x00007ff81f8b4000 	/usr/lib/libcoretls_cfhelpers.dylib
0x00007ff81f3c4000 	/usr/lib/libpam.2.dylib
0x00007ff81a7b4000 	/usr/lib/libsqlite3.dylib
0x00007ff81f923000 	/usr/lib/libxar.1.dylib
0x00007ff81ee03000 	/usr/lib/libbz2.1.0.dylib
0x00007ff81f146000 	/usr/lib/libpcap.A.dylib
0x00007ff81ab89000 	/usr/lib/libdns_services.dylib
0x00007ff81f393000 	/usr/lib/libapple_nghttp2.dylib
0x00007ff81f17d000 	/usr/lib/libiconv.2.dylib
0x00007ff81f0d3000 	/usr/lib/libcharset.1.dylib
0x00007ff81bab0000 	/System/Library/Frameworks/CoreServices.framework/Versions/A/Frameworks/FSEvents.framework/Versions/A/FSEvents
0x00007ff816a0d000 	/System/Library/Frameworks/CoreServices.framework/Versions/A/Frameworks/CarbonCore.framework/Versions/A/CarbonCore
0x00007ff81adcc000 	/System/Library/Frameworks/CoreServices.framework/Versions/A/Frameworks/Metadata.framework/Versions/A/Metadata
0x00007ff81ee16000 	/System/Library/Frameworks/CoreServices.framework/Versions/A/Frameworks/OSServices.framework/Versions/A/OSServices
0x00007ff81f307000 	/System/Library/Frameworks/CoreServices.framework/Versions/A/Frameworks/SearchKit.framework/Versions/A/SearchKit
0x00007ff81ab1b000 	/System/Library/Frameworks/CoreServices.framework/Versions/A/Frameworks/AE.framework/Versions/A/AE
0x00007ff81491d000 	/System/Library/Frameworks/CoreServices.framework/Versions/A/Frameworks/LaunchServices.framework/Versions/A/LaunchServices
0x00007ff81f84b000 	/System/Library/Frameworks/CoreServices.framework/Versions/A/Frameworks/DictionaryServices.framework/Versions/A/DictionaryServices
0x00007ff81babd000 	/System/Library/Frameworks/CoreServices.framework/Versions/A/Frameworks/SharedFileList.framework/Versions/A/SharedFileList
0x00007ff81e767000 	/usr/lib/libCheckFix.dylib
0x00007ff819354000 	/System/Library/PrivateFrameworks/TCC.framework/Versions/A/TCC
0x00007ff81da1d000 	/System/Library/PrivateFrameworks/CoreNLP.framework/Versions/A/CoreNLP
0x00007ff81ad7c000 	/System/Library/PrivateFrameworks/MetadataUtilities.framework/Versions/A/MetadataUtilities
0x00007ff815061000 	/usr/lib/libmecabra.dylib
0x00007ff81e79b000 	/usr/lib/libmecab.dylib
0x00007ff81502c000 	/usr/lib/libCRFSuite.dylib
0x00007ff81e7f8000 	/usr/lib/libgermantok.dylib
0x00007ff81f36e000 	/usr/lib/libThaiTokenizer.dylib
0x00007ff81ae6e000 	/System/Library/Frameworks/Accelerate.framework/Versions/A/Frameworks/vImage.framework/Versions/A/vImage
0x00007ff8253b0000 	/System/Library/Frameworks/Accelerate.framework/Versions/A/Frameworks/vecLib.framework/Versions/A/vecLib
0x00007ff81f964000 	/System/Library/Frameworks/Accelerate.framework/Versions/A/Frameworks/vecLib.framework/Versions/A/libvMisc.dylib
0x00007ff81e1d7000 	/System/Library/Frameworks/Accelerate.framework/Versions/A/Frameworks/vecLib.framework/Versions/A/libvDSP.dylib
0x00007ff814c95000 	/System/Library/Frameworks/Accelerate.framework/Versions/A/Frameworks/vecLib.framework/Versions/A/libBLAS.dylib
0x00007ff81f4a5000 	/System/Library/Frameworks/Accelerate.framework/Versions/A/Frameworks/vecLib.framework/Versions/A/libLAPACK.dylib
0x00007ff81e7fb000 	/System/Library/Frameworks/Accelerate.framework/Versions/A/Frameworks/vecLib.framework/Versions/A/libLinearAlgebra.dylib
0x00007ff81f3ac000 	/System/Library/Frameworks/Accelerate.framework/Versions/A/Frameworks/vecLib.framework/Versions/A/libSparseBLAS.dylib
0x00007ff81f49f000 	/System/Library/Frameworks/Accelerate.framework/Versions/A/Frameworks/vecLib.framework/Versions/A/libQuadrature.dylib
0x00007ff81db07000 	/System/Library/Frameworks/Accelerate.framework/Versions/A/Frameworks/vecLib.framework/Versions/A/libBNNS.dylib
0x00007ff814f42000 	/System/Library/Frameworks/Accelerate.framework/Versions/A/Frameworks/vecLib.framework/Versions/A/libSparse.dylib
0x00007ff81db00000 	/System/Library/PrivateFrameworks/LinguisticData.framework/Versions/A/LinguisticData
0x00007ff814ef7000 	/System/Library/PrivateFrameworks/Lexicon.framework/Versions/A/Lexicon
0x00007ff81f95d000 	/usr/lib/libChineseTokenizer.dylib
0x00007ff81565b000 	/System/Library/PrivateFrameworks/LanguageModeling.framework/Versions/A/LanguageModeling
0x00007ff81f370000 	/System/Library/PrivateFrameworks/AppleSauce.framework/Versions/A/AppleSauce
0x00007ff81e3a7000 	/System/Library/PrivateFrameworks/CoreEmoji.framework/Versions/A/CoreEmoji
0x00007ff81f26f000 	/usr/lib/libcmph.dylib
0x00007ff81ba94000 	/System/Library/Frameworks/OpenDirectory.framework/Versions/A/Frameworks/CFOpenDirectory.framework/Versions/A/CFOpenDirectory
0x00007ff81ba88000 	/System/Library/Frameworks/OpenDirectory.framework/Versions/A/OpenDirectory
0x00007ff81f8b6000 	/System/Library/PrivateFrameworks/APFS.framework/Versions/A/APFS
0x00007ff81e6c8000 	/System/Library/Frameworks/SecurityFoundation.framework/Versions/A/SecurityFoundation
0x00007ff81f931000 	/usr/lib/libutil.dylib
0x00007ff816d38000 	/System/Library/PrivateFrameworks/CoreServicesStore.framework/Versions/A/CoreServicesStore
0x00007ff81f935000 	/usr/lib/libxslt.1.dylib
0x00007ff81e755000 	/System/Library/PrivateFrameworks/BackgroundTaskManagement.framework/Versions/A/BackgroundTaskManagement
0x00007ff820da5000 	/System/Library/Frameworks/ImageIO.framework/Versions/A/Resources/libRadiance.dylib
0x00007ff820dae000 	/System/Library/Frameworks/ImageIO.framework/Versions/A/Resources/libJPEG.dylib
0x00007ff820cfe000 	/System/Library/Frameworks/ImageIO.framework/Versions/A/Resources/libPng.dylib
0x00007ff820d1f000 	/System/Library/Frameworks/ImageIO.framework/Versions/A/Resources/libTIFF.dylib
0x00007ff820e0e000 	/System/Library/Frameworks/ImageIO.framework/Versions/A/Resources/libGIF.dylib
0x00007ff82062f000 	/System/Library/Frameworks/ImageIO.framework/Versions/A/Resources/libJP2.dylib
0x00007ff81fd71000 	/usr/lib/libexpat.1.dylib
0x00007ff8205e4000 	/System/Library/PrivateFrameworks/AppleJPEG.framework/Versions/A/AppleJPEG
0x00007ff81cf60000 	/System/Library/PrivateFrameworks/FontServices.framework/libFontParser.dylib
0x00007ff81aac5000 	/System/Library/PrivateFrameworks/RunningBoardServices.framework/Versions/A/RunningBoardServices
0x00007ff82b57e000 	/System/Library/PrivateFrameworks/IOSurfaceAccelerator.framework/Versions/A/IOSurfaceAccelerator
0x00007ff820712000 	/System/Library/PrivateFrameworks/WatchdogClient.framework/Versions/A/WatchdogClient
0x00007ff81574a000 	/System/Library/Frameworks/CoreDisplay.framework/Versions/A/CoreDisplay
0x00007ff81ce5f000 	/System/Library/Frameworks/CoreMedia.framework/Versions/A/CoreMedia
0x00007ff81ccfc000 	/System/Library/PrivateFrameworks/IOAccelerator.framework/Versions/A/IOAccelerator
0x00007ff81bc10000 	/System/Library/Frameworks/CoreVideo.framework/Versions/A/CoreVideo
0x00007ff81f3c2000 	/System/Library/Frameworks/MetalPerformanceShaders.framework/Versions/A/MetalPerformanceShaders
0x00007ff82074d000 	/System/Library/Frameworks/VideoToolbox.framework/Versions/A/VideoToolbox
0x00007ff81aa0d000 	/System/Library/PrivateFrameworks/BaseBoard.framework/Versions/A/BaseBoard
0x00007ff81a79a000 	/System/Library/PrivateFrameworks/ProtocolBuffer.framework/Versions/A/ProtocolBuffer
0x00007ff820d9e000 	/System/Library/PrivateFrameworks/GPUWrangler.framework/Versions/A/GPUWrangler
0x00007ff820d81000 	/System/Library/PrivateFrameworks/IOPresentment.framework/Versions/A/IOPresentment
0x00007ff820da8000 	/System/Library/PrivateFrameworks/DSExternalDisplay.framework/Versions/A/DSExternalDisplay
0x00007ffa2c079000 	/System/Library/Frameworks/OpenGL.framework/Versions/A/Libraries/libCoreFSCache.dylib
0x00007ffb1811d000 	/System/Library/PrivateFrameworks/GPUCompiler.framework/Versions/31001/Libraries/libGPUCompilerUtils.dylib
0x00007ff820e13000 	/System/Library/PrivateFrameworks/CMCaptureCore.framework/Versions/A/CMCaptureCore
0x00007ff82031d000 	/System/Library/PrivateFrameworks/AppServerSupport.framework/Versions/A/AppServerSupport
0x00007ff8224fa000 	/System/Library/PrivateFrameworks/perfdata.framework/Versions/A/perfdata
0x00007ff815876000 	/System/Library/PrivateFrameworks/AudioToolboxCore.framework/Versions/A/AudioToolboxCore
0x00007ff81ce3c000 	/System/Library/PrivateFrameworks/caulk.framework/Versions/A/caulk
0x00007ff821e1e000 	/usr/lib/libAudioStatistics.dylib
0x00007ff91914b000 	/System/Library/PrivateFrameworks/SystemPolicy.framework/Versions/A/SystemPolicy
0x00007ff822073000 	/usr/lib/libSMC.dylib
0x00007ff82aeb7000 	/System/Library/Frameworks/CoreMIDI.framework/Versions/A/CoreMIDI
0x00007ff820cce000 	/usr/lib/libAudioToolboxUtility.dylib
0x00007ff91555d000 	/System/Library/PrivateFrameworks/OSAServicesClient.framework/Versions/A/OSAServicesClient
0x00007ff822507000 	/usr/lib/libperfcheck.dylib
0x00007ff919bdd000 	/usr/lib/libmis.dylib
0x00007ffa2c0d5000 	/System/Library/Frameworks/OpenGL.framework/Versions/A/Libraries/libGLU.dylib
0x00007ffa2c098000 	/System/Library/Frameworks/OpenGL.framework/Versions/A/Libraries/libGFXShared.dylib
0x00007ffa2c2a6000 	/System/Library/Frameworks/OpenGL.framework/Versions/A/Libraries/libGL.dylib
0x00007ffa2c0a1000 	/System/Library/Frameworks/OpenGL.framework/Versions/A/Libraries/libGLImage.dylib
0x00007ffa2c095000 	/System/Library/Frameworks/OpenGL.framework/Versions/A/Libraries/libCVMSPluginSupport.dylib
0x00007ffa2c080000 	/System/Library/Frameworks/OpenGL.framework/Versions/A/Libraries/libCoreVMClient.dylib
0x00007ff81d99b000 	/System/Library/Frameworks/MetalPerformanceShaders.framework/Versions/A/Frameworks/MPSCore.framework/Versions/A/MPSCore
0x00007ff81ed5e000 	/System/Library/Frameworks/MetalPerformanceShaders.framework/Versions/A/Frameworks/MPSImage.framework/Versions/A/MPSImage
0x00007ff81e811000 	/System/Library/Frameworks/MetalPerformanceShaders.framework/Versions/A/Frameworks/MPSNeuralNetwork.framework/Versions/A/MPSNeuralNetwork
0x00007ff81ec86000 	/System/Library/Frameworks/MetalPerformanceShaders.framework/Versions/A/Frameworks/MPSMatrix.framework/Versions/A/MPSMatrix
0x00007ff81ea42000 	/System/Library/Frameworks/MetalPerformanceShaders.framework/Versions/A/Frameworks/MPSRayIntersector.framework/Versions/A/MPSRayIntersector
0x00007ff81ecbf000 	/System/Library/Frameworks/MetalPerformanceShaders.framework/Versions/A/Frameworks/MPSNDArray.framework/Versions/A/MPSNDArray
0x00007ffa30c97000 	/System/Library/Frameworks/MetalPerformanceShaders.framework/Versions/A/Frameworks/MPSFunctions.framework/Versions/A/MPSFunctions
0x00007ff814b78000 	/System/Library/PrivateFrameworks/MetalTools.framework/Versions/A/MetalTools
0x00007ff81da15000 	/System/Library/PrivateFrameworks/AggregateDictionary.framework/Versions/A/AggregateDictionary
0x00007ff81fb53000 	/usr/lib/libIOReport.dylib
0x00007ffa2d6b5000 	/System/Library/Frameworks/OpenCL.framework/Versions/A/OpenCL
0x00007ff81feb7000 	/System/Library/PrivateFrameworks/FaceCore.framework/Versions/A/FaceCore
0x00007ff81fea8000 	/System/Library/PrivateFrameworks/GraphVisualizer.framework/Versions/A/GraphVisualizer
0x00007ffb18028000 	/System/Library/PrivateFrameworks/FontServices.framework/Versions/A/FontServices
0x00007ff8202d4000 	/System/Library/PrivateFrameworks/OTSVG.framework/Versions/A/OTSVG
0x00007ff81b7f8000 	/System/Library/Frameworks/ApplicationServices.framework/Versions/A/Frameworks/ATS.framework/Versions/A/Resources/libFontRegistry.dylib
0x00007ff820325000 	/System/Library/PrivateFrameworks/FontServices.framework/libhvf.dylib
0x00007ffb18029000 	/System/Library/PrivateFrameworks/FontServices.framework/libXTFontStaticRegistryData.dylib
0x00007ff81fd21000 	/System/Library/PrivateFrameworks/AppleVA.framework/Versions/A/AppleVA
0x00007ff821e42000 	/System/Library/Frameworks/ApplicationServices.framework/Versions/A/Frameworks/ATS.framework/Versions/A/ATS
0x00007ff819ec8000 	/System/Library/Frameworks/ApplicationServices.framework/Versions/A/Frameworks/HIServices.framework/Versions/A/HIServices
0x00007ff820e1d000 	/System/Library/Frameworks/ApplicationServices.framework/Versions/A/Frameworks/PrintCore.framework/Versions/A/PrintCore
0x00007ff8221c6000 	/System/Library/Frameworks/ApplicationServices.framework/Versions/A/Frameworks/QD.framework/Versions/A/QD
0x00007ff8221be000 	/System/Library/Frameworks/ApplicationServices.framework/Versions/A/Frameworks/ColorSyncLegacy.framework/Versions/A/ColorSyncLegacy
0x00007ff821e32000 	/System/Library/Frameworks/ApplicationServices.framework/Versions/A/Frameworks/SpeechSynthesis.framework/Versions/A/SpeechSynthesis
0x00007ff820dde000 	/System/Library/Frameworks/ApplicationServices.framework/Versions/A/Frameworks/ATSUI.framework/Versions/A/ATSUI
0x00007ff822153000 	/usr/lib/libcups.2.dylib
0x00007ff822516000 	/System/Library/Frameworks/Kerberos.framework/Versions/A/Kerberos
0x00007ff822525000 	/System/Library/Frameworks/GSS.framework/Versions/A/GSS
0x00007ff821eae000 	/usr/lib/libresolv.9.dylib
0x00007ff820334000 	/System/Library/PrivateFrameworks/Heimdal.framework/Versions/A/Heimdal
0x00007ff82900e000 	/System/Library/Frameworks/Kerberos.framework/Versions/A/Libraries/libHeimdalProxy.dylib
0x00007ff81ab9a000 	/System/Library/Frameworks/Network.framework/Versions/A/Network
0x00007ff81fd8b000 	/usr/lib/libheimdal-asn1.dylib
0x00007ff822571000 	/System/Library/PrivateFrameworks/CommonAuth.framework/Versions/A/CommonAuth
0x00007ff821daf000 	/System/Library/PrivateFrameworks/AudioSession.framework/Versions/A/AudioSession
0x00007ff81fe1b000 	/System/Library/PrivateFrameworks/MediaExperience.framework/Versions/A/MediaExperience
0x00007ff821c43000 	/System/Library/PrivateFrameworks/AudioSession.framework/libSessionUtility.dylib
0x00007ff8221d2000 	/System/Library/PrivateFrameworks/AudioResourceArbitration.framework/Versions/A/AudioResourceArbitration
0x00007ff8261c3000 	/System/Library/PrivateFrameworks/PowerLog.framework/Versions/A/PowerLog
0x00007ff81fd94000 	/System/Library/PrivateFrameworks/IconFoundation.framework/Versions/A/IconFoundation
0x00007ff824fdd000 	/System/Library/PrivateFrameworks/SpeechRecognitionCore.framework/Versions/A/SpeechRecognitionCore
0x000000010152f000 	/Library/Java/JavaVirtualMachines/jdk-17.0.1.jdk/Contents/Home/lib/server/libjvm.dylib
0x000000010053a000 	/Library/Java/JavaVirtualMachines/jdk-17.0.1.jdk/Contents/Home/lib/libjimage.dylib
0x00000001005b7000 	/Library/Java/JavaVirtualMachines/jdk-17.0.1.jdk/Contents/Home/lib/libjava.dylib
0x000000010145b000 	/Library/Java/JavaVirtualMachines/jdk-17.0.1.jdk/Contents/Home/lib/libnio.dylib
0x0000000101494000 	/Library/Java/JavaVirtualMachines/jdk-17.0.1.jdk/Contents/Home/lib/libnet.dylib
0x0000000101476000 	/Library/Java/JavaVirtualMachines/jdk-17.0.1.jdk/Contents/Home/lib/libzip.dylib
0x00000001014b2000 	/Users/duaaali/.openjfx/cache/17.0.1/libprism_es2.dylib
0x00007ff816cf9000 	/System/Library/PrivateFrameworks/CoreServicesInternal.framework/Versions/A/CoreServicesInternal
0x00007ffa2c2b1000 	/System/Library/Frameworks/OpenGL.framework/Versions/A/Resources/GLEngine.bundle/GLEngine
0x00007ffa2c113000 	/System/Library/Frameworks/OpenGL.framework/Versions/A/Libraries/libGLProgrammability.dylib
0x00007ffa204dc000 	/System/Library/Extensions/AppleIntelKBLGraphicsGLDriver.bundle/Contents/MacOS/AppleIntelKBLGraphicsGLDriver
0x00007ff923aa6000 	/System/Library/PrivateFrameworks/GPUSupport.framework/Versions/A/Libraries/libGPUSupportMercury.dylib
0x00007ffa2c440000 	/System/Library/Frameworks/OpenGL.framework/Versions/A/Resources/GLRendererFloat.bundle/GLRendererFloat
0x0000000107261000 	/Users/duaaali/.openjfx/cache/17.0.1/libglass.dylib
0x00007ff8267b4000 	/System/Library/Frameworks/FileProvider.framework/Versions/A/FileProvider
0x00007ff81a979000 	/System/Library/Frameworks/Accounts.framework/Versions/A/Accounts
0x00007ff82692b000 	/System/Library/PrivateFrameworks/GenerationalStorage.framework/Versions/A/GenerationalStorage
0x00007ff82743d000 	/System/Library/PrivateFrameworks/CoreSymbolication.framework/Versions/A/CoreSymbolication
0x00007ff8261b8000 	/System/Library/PrivateFrameworks/SymptomDiagnosticReporter.framework/Versions/A/SymptomDiagnosticReporter
0x00007ff817fba000 	/System/Library/PrivateFrameworks/DesktopServicesPriv.framework/Versions/A/DesktopServicesPriv
0x00007ff816e3a000 	/usr/lib/libsandbox.1.dylib
0x00007ff81bc8f000 	/System/Library/PrivateFrameworks/UserManagement.framework/Versions/A/UserManagement
0x00007ff827402000 	/System/Library/PrivateFrameworks/DebugSymbols.framework/Versions/A/DebugSymbols
0x00007ff8221b3000 	/System/Library/PrivateFrameworks/NetAuth.framework/Versions/A/NetAuth
0x00007ff8230a1000 	/System/Library/PrivateFrameworks/Sharing.framework/Versions/A/Sharing
0x00007ff81bc62000 	/System/Library/PrivateFrameworks/login.framework/Versions/A/Frameworks/loginsupport.framework/Versions/A/loginsupport
0x00007ff828542000 	/System/Library/PrivateFrameworks/Apple80211.framework/Versions/A/Apple80211
0x00007ff81ee43000 	/System/Library/PrivateFrameworks/AuthKit.framework/Versions/A/AuthKit
0x00007ff81e49d000 	/System/Library/PrivateFrameworks/CoreUtils.framework/Versions/A/CoreUtils
0x00007ff81e3c4000 	/System/Library/Frameworks/CoreWLAN.framework/Versions/A/CoreWLAN
0x00007ff8231fc000 	/System/Library/Frameworks/IOBluetooth.framework/Versions/A/IOBluetooth
0x00007ff8285aa000 	/System/Library/PrivateFrameworks/CoreWiFi.framework/Versions/A/CoreWiFi
0x00007ff826fd7000 	/System/Library/PrivateFrameworks/FrontBoardServices.framework/Versions/A/FrontBoardServices
0x00007ff827069000 	/System/Library/PrivateFrameworks/BoardServices.framework/Versions/A/BoardServices
0x00007ff81e6b7000 	/System/Library/PrivateFrameworks/AssertionServices.framework/Versions/A/AssertionServices
0x00007ff82872e000 	/System/Library/PrivateFrameworks/BackBoardServices.framework/Versions/A/BackBoardServices
0x00007ff822600000 	/System/Library/PrivateFrameworks/CorePhoneNumbers.framework/Versions/A/CorePhoneNumbers
0x00007ff8262d5000 	/System/Library/PrivateFrameworks/DiskManagement.framework/Versions/A/DiskManagement
0x00007ff8261e9000 	/System/Library/PrivateFrameworks/AppleIDAuthSupport.framework/Versions/A/AppleIDAuthSupport
0x00007ffa32c2d000 	/System/Library/PrivateFrameworks/AAAFoundation.framework/Versions/A/AAAFoundation
0x00007ff8225e1000 	/System/Library/PrivateFrameworks/KeychainCircle.framework/Versions/A/KeychainCircle
0x00007ff8262a1000 	/System/Library/PrivateFrameworks/MediaKit.framework/Versions/A/MediaKit
0x00007ff8261f5000 	/System/Library/Frameworks/DiscRecording.framework/Versions/A/DiscRecording
0x00007ff81fc99000 	/usr/lib/libCoreStorage.dylib
0x00007ff828a1d000 	/usr/lib/libcsfde.dylib
0x00007ff8232c9000 	/System/Library/PrivateFrameworks/ProtectedCloudStorage.framework/Versions/A/ProtectedCloudStorage
0x00007ff828a19000 	/System/Library/PrivateFrameworks/EFILogin.framework/Versions/A/EFILogin
0x00007ff826951000 	/System/Library/PrivateFrameworks/OctagonTrust.framework/Versions/A/OctagonTrust
0x00007ffb1734a000 	/System/Library/PrivateFrameworks/CoreUtilsExtras.framework/Versions/A/CoreUtilsExtras
0x00007ff82612b000 	/System/Library/Frameworks/CoreBluetooth.framework/Versions/A/CoreBluetooth
0x00007ff829093000 	/System/Library/Frameworks/AudioUnit.framework/Versions/A/AudioUnit
0x00007ff81fc91000 	/usr/lib/libMatch.1.dylib
0x00007ff91e02c000 	/System/Library/Frameworks/Accelerate.framework/Versions/A/Frameworks/vImage.framework/Versions/A/Libraries/libCGInterfaces.dylib
0x0000000107249000 	/usr/lib/libobjc-trampolines.dylib
0x00007ff81b988000 	/System/Library/PrivateFrameworks/ViewBridge.framework/Versions/A/ViewBridge
0x00007ff8203ee000 	/System/Library/PrivateFrameworks/login.framework/Versions/A/login
0x00007ff81fb5b000 	/System/Library/PrivateFrameworks/CrashReporterSupport.framework/Versions/A/CrashReporterSupport
0x00007ff925999000 	/System/Library/PrivateFrameworks/OSAnalytics.framework/Versions/A/OSAnalytics
0x00007ff930932000 	/System/Library/PrivateFrameworks/Symbolication.framework/Versions/A/Symbolication
0x00007ff919bba000 	/System/Library/PrivateFrameworks/MallocStackLogging.framework/Versions/A/MallocStackLogging
0x00000001255a7000 	/Users/duaaali/.openjfx/cache/17.0.1/libjavafx_font.dylib
0x0000000125611000 	/Users/duaaali/.openjfx/cache/17.0.1/libjavafx_iio.dylib
0x000000012d2d7000 	/Library/Java/JavaVirtualMachines/jdk-17.0.1.jdk/Contents/Home/lib/libprefs.dylib
0x00007ffb29f41000 	/usr/lib/libRosetta.dylib
0x00007ff8256a8000 	/System/Library/PrivateFrameworks/SystemAdministration.framework/Versions/A/SystemAdministration
0x00007ff821045000 	/System/Library/Frameworks/MediaToolbox.framework/Versions/A/MediaToolbox
0x00007ff824fa9000 	/System/Library/Frameworks/DirectoryService.framework/Versions/A/DirectoryService
0x00007ff8288bb000 	/System/Library/PrivateFrameworks/DiskImages.framework/Versions/A/DiskImages
0x00007ff81e75f000 	/System/Library/Frameworks/ServiceManagement.framework/Versions/A/ServiceManagement
0x00007ff828a95000 	/System/Library/PrivateFrameworks/LoginUIKit.framework/Versions/A/Frameworks/LoginUICore.framework/Versions/A/LoginUICore
0x00007ff82059c000 	/usr/lib/libodfde.dylib
0x00007ff826784000 	/System/Library/PrivateFrameworks/CoreAVCHD.framework/Versions/A/CoreAVCHD
0x00007ff82566c000 	/System/Library/Frameworks/MediaAccessibility.framework/Versions/A/MediaAccessibility
0x00007ff826780000 	/System/Library/PrivateFrameworks/Mangrove.framework/Versions/A/Mangrove
0x00007ff825677000 	/System/Library/PrivateFrameworks/AlgosScoreFramework.framework/Versions/A/AlgosScoreFramework
0x00007ffb14796000 	/System/Library/PrivateFrameworks/CMPhoto.framework/Versions/A/CMPhoto
0x00007ff8272d8000 	/System/Library/PrivateFrameworks/AppleVPA.framework/Versions/A/AppleVPA
0x00007ff8263c5000 	/System/Library/PrivateFrameworks/CoreAUC.framework/Versions/A/CoreAUC
0x00007ff828a29000 	/usr/lib/libcurl.4.dylib
0x00007ff828786000 	/usr/lib/libcrypto.44.dylib
0x00007ff82888e000 	/usr/lib/libssl.46.dylib
0x00007ff82874c000 	/System/Library/Frameworks/LDAP.framework/Versions/A/LDAP
0x00007ff828784000 	/System/Library/PrivateFrameworks/TrustEvaluationAgent.framework/Versions/A/TrustEvaluationAgent
0x00007ff821ec7000 	/usr/lib/libsasl2.2.dylib
0x00007ff82569c000 	/System/Library/PrivateFrameworks/CoreDaemon.framework/Versions/B/CoreDaemon
0x00007ff825697000 	/System/Library/PrivateFrameworks/AppleSRP.framework/Versions/A/AppleSRP
0x00007ff92077b000 	/System/Library/CoreServices/RawCamera.bundle/Contents/MacOS/RawCamera
0x00007ff822581000 	/System/Library/PrivateFrameworks/MobileAsset.framework/Versions/A/MobileAsset
0x00007ff8290ba000 	/System/Library/PrivateFrameworks/StreamingZip.framework/Versions/A/StreamingZip
0x0000000135706000 	/Library/Java/JavaVirtualMachines/jdk-17.0.1.jdk/Contents/Home/lib/libawt.dylib
0x00000001357c5000 	/Library/Java/JavaVirtualMachines/jdk-17.0.1.jdk/Contents/Home/lib/libmlib_image.dylib
0x00007ffa30c05000 	/System/Library/Frameworks/JavaRuntimeSupport.framework/Versions/A/JavaRuntimeSupport
0x00007ff918c94000 	/System/Library/Frameworks/Carbon.framework/Versions/A/Carbon
0x00007ff82c8d5000 	/System/Library/Frameworks/Carbon.framework/Versions/A/Frameworks/CommonPanels.framework/Versions/A/CommonPanels
0x00007ff828a15000 	/System/Library/Frameworks/Carbon.framework/Versions/A/Frameworks/Help.framework/Versions/A/Help
0x00007ff82c8d9000 	/System/Library/Frameworks/Carbon.framework/Versions/A/Frameworks/ImageCapture.framework/Versions/A/ImageCapture
0x00007ff82c8a9000 	/System/Library/Frameworks/Carbon.framework/Versions/A/Frameworks/OpenScripting.framework/Versions/A/OpenScripting
0x00007ff82c8d1000 	/System/Library/Frameworks/Carbon.framework/Versions/A/Frameworks/Ink.framework/Versions/A/Ink
0x00007ff918c90000 	/System/Library/Frameworks/Carbon.framework/Versions/A/Frameworks/Print.framework/Versions/A/Print
0x00007ff82c8cd000 	/System/Library/Frameworks/Carbon.framework/Versions/A/Frameworks/SecurityHI.framework/Versions/A/SecurityHI
0x0000000135972000 	/Library/Java/JavaVirtualMachines/jdk-17.0.1.jdk/Contents/Home/lib/libawt_lwawt.dylib
0x000000012d197000 	/Library/Java/JavaVirtualMachines/jdk-17.0.1.jdk/Contents/Home/lib/libosxapp.dylib
0x00007ff9180d1000 	/System/Library/Frameworks/ExceptionHandling.framework/Versions/A/ExceptionHandling
0x0000000135c15000 	/Library/Java/JavaVirtualMachines/jdk-17.0.1.jdk/Contents/Home/lib/libfontmanager.dylib
0x0000000135861000 	/Library/Java/JavaVirtualMachines/jdk-17.0.1.jdk/Contents/Home/lib/libfreetype.dylib
0x000000012d250000 	/Library/Java/JavaVirtualMachines/jdk-17.0.1.jdk/Contents/Home/lib/libosxui.dylib


VM Arguments:
jvm_args: --add-modules=javafx.controls,javafx.fxml --module-path=/Users/duaaali/.gradle/caches/modules-2/files-2.1/org.openjfx/javafx-fxml/17.0.1/4ec9abf3948b347b5ce0e09813add3f25a6dbc0b/javafx-fxml-17.0.1-mac.jar:/Users/duaaali/.gradle/caches/modules-2/files-2.1/org.openjfx/javafx-controls/17.0.1/9c4e3c7ee4fe3f2d71cb94811910695f43040dc5/javafx-controls-17.0.1-mac.jar:/Users/duaaali/.gradle/caches/modules-2/files-2.1/org.openjfx/javafx-graphics/17.0.1/60505369f7528056d4d8c5ea080df5447bdb0264/javafx-graphics-17.0.1-mac.jar:/Users/duaaali/.gradle/caches/modules-2/files-2.1/org.openjfx/javafx-base/17.0.1/75cfa6f780ea3b3fd4ae336161e9e136ebb91ef2/javafx-base-17.0.1-mac.jar -Dfile.encoding=UTF-8 -Duser.country=CA -Duser.language=en -Duser.variant -ea 
java_command: GUI.MainApp
java_class_path (initial): /Users/duaaali/git/TAB2XML/build/classes/java/main:/Users/duaaali/git/TAB2XML/build/resources/main:/Users/duaaali/.gradle/caches/modules-2/files-2.1/org.fxmisc.richtext/richtextfx/0.10.5/df9f31a099aa066c63b231f4bbb3826cd892b35c/richtextfx-0.10.5.jar:/Users/duaaali/.gradle/caches/modules-2/files-2.1/org.apache.commons/commons-csv/1.8/37ca9a9aa2d4be2599e55506a6d3170dd7a3df4/commons-csv-1.8.jar:/Users/duaaali/.gradle/caches/modules-2/files-2.1/com.fasterxml.jackson.module/jackson-module-jaxb-annotations/2.12.5/2b389d7206327e54ae31f709ab75a4a3f33e148/jackson-module-jaxb-annotations-2.12.5.jar:/Users/duaaali/.gradle/caches/modules-2/files-2.1/com.fasterxml.jackson.core/jackson-databind/2.12.5/b064cf057f23d3d35390328c5030847efeffedde/jackson-databind-2.12.5.jar:/Users/duaaali/.gradle/caches/modules-2/files-2.1/com.fasterxml.jackson.core/jackson-core/2.12.5/725e364cc71b80e60fa450bd06d75cdea7fb2d59/jackson-core-2.12.5.jar:/Users/duaaali/.gradle/caches/modules-2/files-2.1/com.fasterxml.jackson.core/jackson-annotations/2.12.5/52d929d5bb21d0186fe24c09624cc3ee4bafc3b3/jackson-annotations-2.12.5.jar:/Users/duaaali/.gradle/caches/modules-2/files-2.1/com.fasterxml.jackson.dataformat/jackson-dataformat-xml/2.12.5/4b872e5a9f7e6644c2dd8d7358ed9fad714d7c90/jackson-dataformat-xml-2.12.5.jar:/Users/duaaali/.gradle/caches/modules-2/files-2.1/com.github.JensPiegsa/jfugue/5.0.9/54f26f3865c8c45368e6728f0ad840f829f17d94/jfugue-5.0.9.jar:/Users/duaaali/.gradle/caches/modules-2/files-2.1/org.openjfx/javafx-fxml/17.0.1/4ec9abf3948b347b5ce0e09813add3f25a6dbc0b/javafx-fxml-17.0.1-mac.jar:/Users/duaaali/.gradle/caches/modules-2/files-2.1/org.openjfx/javafx-controls/17.0.1/9c4e3c7ee4fe3f2d71cb94811910695f43040dc5/javafx-controls-17.0.1-mac.jar:/Users/duaaali/.gradle/caches/modules-2/files-2.1/org.openjfx/javafx-controls/17.0.1/4aa202089425f7b3bac4566e98da4b94ad10ee00/javafx-controls-17.0.1.jar:/Users/duaaali/.gradle/caches/modules-2/files-2.1/org.openjfx/javafx-graphics
Launcher Type: SUN_STANDARD

[Global flags]
     intx CICompilerCount                          = 4                                         {product} {ergonomic}
     uint ConcGCThreads                            = 2                                         {product} {ergonomic}
     uint G1ConcRefinementThreads                  = 8                                         {product} {ergonomic}
   size_t G1HeapRegionSize                         = 1048576                                   {product} {ergonomic}
    uintx GCDrainStackTargetSize                   = 64                                        {product} {ergonomic}
   size_t InitialHeapSize                          = 134217728                                 {product} {ergonomic}
   size_t MarkStackSize                            = 4194304                                   {product} {ergonomic}
   size_t MaxHeapSize                              = 2147483648                                {product} {ergonomic}
   size_t MaxNewSize                               = 1287651328                                {product} {ergonomic}
   size_t MinHeapDeltaBytes                        = 1048576                                   {product} {ergonomic}
   size_t MinHeapSize                              = 8388608                                   {product} {ergonomic}
    uintx NonNMethodCodeHeapSize                   = 5839372                                {pd product} {ergonomic}
    uintx NonProfiledCodeHeapSize                  = 122909434                              {pd product} {ergonomic}
    uintx ProfiledCodeHeapSize                     = 122909434                              {pd product} {ergonomic}
    uintx ReservedCodeCacheSize                    = 251658240                              {pd product} {ergonomic}
     bool SegmentedCodeCache                       = true                                      {product} {ergonomic}
   size_t SoftMaxHeapSize                          = 2147483648                             {manageable} {ergonomic}
     bool UseCompressedClassPointers               = true                           {product lp64_product} {ergonomic}
     bool UseCompressedOops                        = true                           {product lp64_product} {ergonomic}
     bool UseG1GC                                  = true                                      {product} {ergonomic}
     bool UseNUMA                                  = false                                     {product} {ergonomic}
     bool UseNUMAInterleaving                      = false                                     {product} {ergonomic}

Logging:
Log output configuration:
 #0: stdout all=warning uptime,level,tags
 #1: stderr all=off uptime,level,tags

Environment Variables:
PATH=/usr/bin:/bin:/usr/sbin:/sbin
SHELL=/bin/zsh

Signal Handlers:
   SIGSEGV: _ZL13crash_handleriP9__siginfoPv in libjvm.dylib, mask=11100110000111110111111111111111, flags=SA_RESTART|SA_SIGINFO
    SIGBUS: _ZL13crash_handleriP9__siginfoPv in libjvm.dylib, mask=11100110000111110111111111111111, flags=SA_RESTART|SA_SIGINFO
    SIGFPE: _ZL13crash_handleriP9__siginfoPv in libjvm.dylib, mask=11100110000111110111111111111111, flags=SA_RESTART|SA_SIGINFO
   SIGPIPE: _ZL17javaSignalHandleriP9__siginfoPv in libjvm.dylib, mask=11100110000111110111111111111111, flags=SA_RESTART|SA_SIGINFO
   SIGXFSZ: _ZL17javaSignalHandleriP9__siginfoPv in libjvm.dylib, mask=11100110000111110111111111111111, flags=SA_RESTART|SA_SIGINFO
    SIGILL: _ZL13crash_handleriP9__siginfoPv in libjvm.dylib, mask=11100110000111110111111111111111, flags=SA_RESTART|SA_SIGINFO
   SIGUSR2: _ZL10SR_handleriP9__siginfoP17__darwin_ucontext in libjvm.dylib, mask=00100000000000000000000000000000, flags=SA_RESTART|SA_SIGINFO
    SIGHUP: _ZL11UserHandleriPvS_ in libjvm.dylib, mask=11100110000111110111111111111111, flags=SA_RESTART|SA_SIGINFO
    SIGINT: _ZL11UserHandleriPvS_ in libjvm.dylib, mask=11100110000111110111111111111111, flags=SA_RESTART|SA_SIGINFO
   SIGTERM: _ZL11UserHandleriPvS_ in libjvm.dylib, mask=11100110000111110111111111111111, flags=SA_RESTART|SA_SIGINFO
   SIGQUIT: _ZL11UserHandleriPvS_ in libjvm.dylib, mask=11100110000111110111111111111111, flags=SA_RESTART|SA_SIGINFO
   SIGTRAP: _ZL13crash_handleriP9__siginfoPv in libjvm.dylib, mask=11100110000111110111111111111111, flags=SA_RESTART|SA_SIGINFO


---------------  S Y S T E M  ---------------

OS:
uname: Darwin 21.2.0 Darwin Kernel Version 21.2.0: Sun Nov 28 20:28:54 PST 2021; root:xnu-8019.61.5~1/RELEASE_X86_64 x86_64
OS uptime: 0 days 1:10 hours
rlimit (soft/hard): STACK 8192k/65532k , CORE 0k/infinity , NPROC 1392/2088 , NOFILE 10240/infinity , AS infinity/infinity , CPU infinity/infinity , DATA infinity/infinity , FSIZE infinity/infinity , MEMLOCK infinity/infinity , RSS infinity/infinity
load average: 3.75 3.26 2.96

CPU: total 8 (initial active 8) (4 cores per cpu, 2 threads per core) family 6 model 142 stepping 10 microcode 0xea, cx8, cmov, fxsr, ht, mmx, 3dnowpref, sse, sse2, sse3, ssse3, sse4.1, sse4.2, popcnt, lzcnt, tsc, tscinvbit, avx, avx2, aes, erms, clmul, bmi1, bmi2, adx, fma, vzeroupper, clflush, clflushopt

Memory: 4k page, physical 8388608k(58992k free), swap 2097152k(1220352k free)

vm_info: Java HotSpot(TM) 64-Bit Server VM (17.0.1+12-LTS-39) for bsd-amd64 JRE (17.0.1+12-LTS-39), built on Sep 27 2021 17:40:18 by "mach5one" with clang Apple LLVM 12.0.0 (clang-1200.0.32.29)

END.
